app/build/intermediates/manifest_merge_blame_file/debug/manifest-merger-blame-debug-report.txt
1<?xml version="1.0" encoding="utf-8"?>
2<manifest xmlns:android="http://schemas.android.com/apk/res/android"
3    xmlns:dist="http://schemas.android.com/apk/distribution"
4    package="com.example.gamecatalogue"
5    android:versionCode="1"
6    android:versionName="1.0" >
7
8    <uses-sdk
9        android:minSdkVersion="16"
9-->src\main\AndroidManifest.xml
10        android:targetSdkVersion="30" />
10-->src\main\AndroidManifest.xml
11
12    <dist:module dist:instant="true" />
12-->src\main\AndroidManifest.xml:6:5-40
12-->src\main\AndroidManifest.xml:6:18-37
13
14    <uses-permission android:name="android.permission.INTERNET" />
14-->src\main\AndroidManifest.xml:8:5-67
14-->src\main\AndroidManifest.xml:8:22-64
15
16    <!-- To store the heap dumps and leak analysis results. -->
17    <uses-permission android:name="android.permission.READ_EXTERNAL_STORAGE" />
17-->[com.squareup.leakcanary:leakcanary-android-core:2.4] AndroidManifest.xml:23:5-80
17-->[com.squareup.leakcanary:leakcanary-android-core:2.4] AndroidManifest.xml:23:22-77
18    <uses-permission android:name="android.permission.WRITE_EXTERNAL_STORAGE" /> <!-- To allow starting foreground services on Android P+ - https://developer.android.com/preview/behavior-changes#fg-svc -->
18-->[com.squareup.leakcanary:leakcanary-android-core:2.4] AndroidManifest.xml:24:5-81
18-->[com.squareup.leakcanary:leakcanary-android-core:2.4] AndroidManifest.xml:24:22-78
19    <uses-permission android:name="android.permission.FOREGROUND_SERVICE" />
19-->[com.squareup.leakcanary:leakcanary-android-core:2.4] AndroidManifest.xml:26:5-77
19-->[com.squareup.leakcanary:leakcanary-android-core:2.4] AndroidManifest.xml:26:22-74
20
21    <application
21-->src\main\AndroidManifest.xml:10:5-28:19
22        android:name="com.example.gamecatalogue.MyApplication"
22-->src\main\AndroidManifest.xml:11:9-38
23        android:allowBackup="true"
23-->src\main\AndroidManifest.xml:12:9-35
24        android:appComponentFactory="androidx.core.app.CoreComponentFactory"
24-->[androidx.core:core:1.5.0] AndroidManifest.xml:24:18-86
25        android:debuggable="true"
25-->[:favorite] AndroidManifest.xml:22:9-34
26        android:icon="@mipmap/ic_launcher"
26-->src\main\AndroidManifest.xml:13:9-43
27        android:label="@string/app_name"
27-->src\main\AndroidManifest.xml:14:9-41
28        android:roundIcon="@mipmap/ic_launcher_round"
28-->src\main\AndroidManifest.xml:15:9-54
29        android:supportsRtl="true"
29-->src\main\AndroidManifest.xml:16:9-35
30        android:testOnly="true"
30-->[:favorite] AndroidManifest.xml:23:9-32
31        android:theme="@style/Theme.GameCatalogue" >
31-->src\main\AndroidManifest.xml:17:9-51
32        <activity android:name="com.example.gamecatalogue.presentation.detail.DetailActivity" />
32-->src\main\AndroidManifest.xml:18:9-72
32-->src\main\AndroidManifest.xml:18:19-69
33        <activity
33-->src\main\AndroidManifest.xml:19:9-27:20
34            android:name="com.example.gamecatalogue.MainActivity"
34-->src\main\AndroidManifest.xml:20:13-41
35            android:label="@string/app_name" >
35-->src\main\AndroidManifest.xml:21:13-45
36            <intent-filter>
36-->src\main\AndroidManifest.xml:22:13-26:29
37                <action android:name="android.intent.action.MAIN" />
37-->src\main\AndroidManifest.xml:23:17-69
37-->src\main\AndroidManifest.xml:23:25-66
38
39                <category android:name="android.intent.category.LAUNCHER" />
39-->src\main\AndroidManifest.xml:25:17-77
39-->src\main\AndroidManifest.xml:25:27-74
40            </intent-filter>
41        </activity>
42
43        <service
43-->[com.squareup.leakcanary:leakcanary-android:2.4] AndroidManifest.xml:23:9-25:40
44            android:name="leakcanary.internal.HeapAnalyzerService"
44-->[com.squareup.leakcanary:leakcanary-android:2.4] AndroidManifest.xml:24:13-67
45            android:exported="false" />
45-->[com.squareup.leakcanary:leakcanary-android:2.4] AndroidManifest.xml:25:13-37
46
47        <provider
47-->[com.squareup.leakcanary:leakcanary-android-core:2.4] AndroidManifest.xml:29:9-37:20
48            android:name="leakcanary.internal.LeakCanaryFileProvider"
48-->[com.squareup.leakcanary:leakcanary-android-core:2.4] AndroidManifest.xml:30:13-70
49            android:authorities="com.squareup.leakcanary.fileprovider.com.example.gamecatalogue"
49-->[com.squareup.leakcanary:leakcanary-android-core:2.4] AndroidManifest.xml:31:13-88
50            android:exported="false"
50-->[com.squareup.leakcanary:leakcanary-android-core:2.4] AndroidManifest.xml:32:13-37
51            android:grantUriPermissions="true" >
51-->[com.squareup.leakcanary:leakcanary-android-core:2.4] AndroidManifest.xml:33:13-47
52            <meta-data
52-->[com.squareup.leakcanary:leakcanary-android-core:2.4] AndroidManifest.xml:34:13-36:66
53                android:name="android.support.FILE_PROVIDER_PATHS"
53-->[com.squareup.leakcanary:leakcanary-android-core:2.4] AndroidManifest.xml:35:17-67
54                android:resource="@xml/leak_canary_file_paths" />
54-->[com.squareup.leakcanary:leakcanary-android-core:2.4] AndroidManifest.xml:36:17-63
55        </provider>
56
57        <activity
57-->[com.squareup.leakcanary:leakcanary-android-core:2.4] AndroidManifest.xml:39:9-44:66
58            android:name="leakcanary.internal.activity.LeakActivity"
58-->[com.squareup.leakcanary:leakcanary-android-core:2.4] AndroidManifest.xml:40:13-69
59            android:icon="@mipmap/leak_canary_icon"
59-->[com.squareup.leakcanary:leakcanary-android-core:2.4] AndroidManifest.xml:41:13-52
60            android:label="@string/leak_canary_display_activity_label"
60-->[com.squareup.leakcanary:leakcanary-android-core:2.4] AndroidManifest.xml:42:13-71
61            android:taskAffinity="com.squareup.leakcanary.com.example.gamecatalogue"
61-->[com.squareup.leakcanary:leakcanary-android-core:2.4] AndroidManifest.xml:43:13-76
62            android:theme="@style/leak_canary_LeakCanary.Base" />
62-->[com.squareup.leakcanary:leakcanary-android-core:2.4] AndroidManifest.xml:44:13-63
63
64        <activity-alias
64-->[com.squareup.leakcanary:leakcanary-android-core:2.4] AndroidManifest.xml:46:9-62:26
65            android:name="leakcanary.internal.activity.LeakLauncherActivity"
65-->[com.squareup.leakcanary:leakcanary-android-core:2.4] AndroidManifest.xml:47:13-77
66            android:banner="@drawable/leak_canary_tv_icon"
66-->[com.squareup.leakcanary:leakcanary-android-core:2.4] AndroidManifest.xml:48:13-59
67            android:enabled="@bool/leak_canary_add_launcher_icon"
67-->[com.squareup.leakcanary:leakcanary-android-core:2.4] AndroidManifest.xml:49:13-66
68            android:icon="@mipmap/leak_canary_icon"
68-->[com.squareup.leakcanary:leakcanary-android-core:2.4] AndroidManifest.xml:50:13-52
69            android:label="@string/leak_canary_display_activity_label"
69-->[com.squareup.leakcanary:leakcanary-android-core:2.4] AndroidManifest.xml:51:13-71
70            android:targetActivity="leakcanary.internal.activity.LeakActivity"
70-->[com.squareup.leakcanary:leakcanary-android-core:2.4] AndroidManifest.xml:52:13-79
71            android:taskAffinity="com.squareup.leakcanary.com.example.gamecatalogue"
71-->[com.squareup.leakcanary:leakcanary-android-core:2.4] AndroidManifest.xml:53:13-76
72            android:theme="@style/leak_canary_LeakCanary.Base" >
72-->[com.squareup.leakcanary:leakcanary-android-core:2.4] AndroidManifest.xml:54:13-63
73            <intent-filter>
73-->[com.squareup.leakcanary:leakcanary-android-core:2.4] AndroidManifest.xml:55:13-61:29
74                <action android:name="android.intent.action.MAIN" />
74-->src\main\AndroidManifest.xml:23:17-69
74-->src\main\AndroidManifest.xml:23:25-66
75
76                <category android:name="android.intent.category.LAUNCHER" />
76-->src\main\AndroidManifest.xml:25:17-77
76-->src\main\AndroidManifest.xml:25:27-74
77                <!-- Android TV launcher intent -->
78                <category android:name="android.intent.category.LEANBACK_LAUNCHER" />
78-->[com.squareup.leakcanary:leakcanary-android-core:2.4] AndroidManifest.xml:60:17-86
78-->[com.squareup.leakcanary:leakcanary-android-core:2.4] AndroidManifest.xml:60:27-83
79            </intent-filter>
80        </activity-alias>
81
82        <activity
82-->[com.squareup.leakcanary:leakcanary-android-core:2.4] AndroidManifest.xml:64:9-70:68
83            android:name="leakcanary.internal.RequestStoragePermissionActivity"
83-->[com.squareup.leakcanary:leakcanary-android-core:2.4] AndroidManifest.xml:65:13-80
84            android:excludeFromRecents="true"
84-->[com.squareup.leakcanary:leakcanary-android-core:2.4] AndroidManifest.xml:66:13-46
85            android:icon="@mipmap/leak_canary_icon"
85-->[com.squareup.leakcanary:leakcanary-android-core:2.4] AndroidManifest.xml:67:13-52
86            android:label="@string/leak_canary_storage_permission_activity_label"
86-->[com.squareup.leakcanary:leakcanary-android-core:2.4] AndroidManifest.xml:68:13-82
87            android:taskAffinity="com.squareup.leakcanary.com.example.gamecatalogue"
87-->[com.squareup.leakcanary:leakcanary-android-core:2.4] AndroidManifest.xml:69:13-76
88            android:theme="@style/leak_canary_Theme.Transparent" />
88-->[com.squareup.leakcanary:leakcanary-android-core:2.4] AndroidManifest.xml:70:13-65
89
90        <receiver android:name="leakcanary.internal.NotificationReceiver" />
90-->[com.squareup.leakcanary:leakcanary-android-core:2.4] AndroidManifest.xml:72:9-77
90-->[com.squareup.leakcanary:leakcanary-android-core:2.4] AndroidManifest.xml:72:19-74
91
92        <provider
92-->[com.squareup.leakcanary:leakcanary-object-watcher-android:2.4] AndroidManifest.xml:8:9-12:40
93            android:name="leakcanary.internal.AppWatcherInstaller$MainProcess"
93-->[com.squareup.leakcanary:leakcanary-object-watcher-android:2.4] AndroidManifest.xml:9:13-79
94            android:authorities="com.example.gamecatalogue.leakcanary-installer"
94-->[com.squareup.leakcanary:leakcanary-object-watcher-android:2.4] AndroidManifest.xml:10:13-72
95            android:enabled="@bool/leak_canary_watcher_auto_install"
95-->[com.squareup.leakcanary:leakcanary-object-watcher-android:2.4] AndroidManifest.xml:11:13-69
96            android:exported="false" />
96-->[com.squareup.leakcanary:leakcanary-object-watcher-android:2.4] AndroidManifest.xml:12:13-37
97        <provider
97-->[com.squareup.leakcanary:plumber-android:2.4] AndroidManifest.xml:8:9-12:40
98            android:name="leakcanary.internal.PlumberInstaller"
98-->[com.squareup.leakcanary:plumber-android:2.4] AndroidManifest.xml:9:13-64
99            android:authorities="com.example.gamecatalogue.plumber-installer"
99-->[com.squareup.leakcanary:plumber-android:2.4] AndroidManifest.xml:10:13-69
100            android:enabled="@bool/leak_canary_plumber_auto_install"
100-->[com.squareup.leakcanary:plumber-android:2.4] AndroidManifest.xml:11:13-69
101            android:exported="false" />
101-->[com.squareup.leakcanary:plumber-android:2.4] AndroidManifest.xml:12:13-37
102
103        <service
103-->[androidx.room:room-runtime:2.3.0] AndroidManifest.xml:25:9-28:40
104            android:name="androidx.room.MultiInstanceInvalidationService"
104-->[androidx.room:room-runtime:2.3.0] AndroidManifest.xml:26:13-74
105            android:directBootAware="true"
105-->[androidx.room:room-runtime:2.3.0] AndroidManifest.xml:27:13-43
106            android:exported="false" />
106-->[androidx.room:room-runtime:2.3.0] AndroidManifest.xml:28:13-37
107
108        <activity
108-->[:favorite] AndroidManifest.xml:24:9-36:20
109            android:name="com.example.gamecatalogue.favorite.FavoriteActivity"
109-->[:favorite] AndroidManifest.xml:25:13-79
110            android:splitName="favorite" >
110-->[:favorite] AndroidManifest.xml:26:13-41
111            <intent-filter>
111-->[:favorite] AndroidManifest.xml:27:13-35:29
112                <action android:name="android.intent.action.VIEW" />
112-->[:favorite] AndroidManifest.xml:28:17-69
112-->[:favorite] AndroidManifest.xml:28:25-66
113
114                <category android:name="android.intent.category.DEFAULT" />
114-->[:favorite] AndroidManifest.xml:30:17-76
114-->[:favorite] AndroidManifest.xml:30:27-73
115
116                <data
116-->[:favorite] AndroidManifest.xml:32:17-34:54
117                    android:host="favorite"
117-->[:favorite] AndroidManifest.xml:33:21-44
118                    android:scheme="gamecatalogue" />
118-->[:favorite] AndroidManifest.xml:34:21-51
119            </intent-filter>
120        </activity>
121    </application>
122
123</manifest>